<?xml version="1.0" encoding="UTF-8"?>
<!-- Generated by org.testng.reporters.JUnitReportReporter -->
<testsuite hostname="LAPTOP-TAG4RGRJ" failures="0" tests="1" name="delete.Delete_Method" time="2.372" errors="0" timestamp="2022-09-28T14:12:08 IST" skipped="0">
  <testcase classname="delete.Delete_Method" name="delete_method" time="2.372"/>
  <system-out/>
</testsuite> <!-- delete.Delete_Method -->
