<?xml version="1.0" encoding="UTF-8"?>
<!-- Generated by org.testng.reporters.JUnitReportReporter -->
<testsuite hostname="LAPTOP-TAG4RGRJ" failures="0" tests="1" name="patch.Partial_Update" time="3.334" errors="0" timestamp="2022-09-28T14:37:23 IST" skipped="0">
  <testcase classname="patch.Partial_Update" name="update_partial" time="3.334"/>
  <system-out/>
</testsuite> <!-- patch.Partial_Update -->
